ChatDemoUI3.0/easeUIDemo/build/outputs/logs/manifest-merger-debug-report.txt
-- Merging decision tree log ---
manifest
ADDED from src\main\AndroidManifest.xml:2:1-358:12
	package
		ADDED from src\main\AndroidManifest.xml:3:5-37
		INJECTED from src\main\AndroidManifest.xml
		INJECTED from src\main\AndroidManifest.xml
	android:versionName
		ADDED from src\main\AndroidManifest.xml:5:5-32
		INJECTED from src\main\AndroidManifest.xml
		INJECTED from src\main\AndroidManifest.xml
	android:versionCode
		ADDED from src\main\AndroidManifest.xml:4:5-29
		INJECTED from src\main\AndroidManifest.xml
		INJECTED from src\main\AndroidManifest.xml
	xmlns:android
		ADDED from src\main\AndroidManifest.xml:2:11-69
uses-sdk
ADDED from src\main\AndroidManifest.xml:7:5-9:41
MERGED from [ChatDemoUI3.0:easeUI:unspecified] AndroidManifest.xml:7:5-9:41
	android:targetSdkVersion
		ADDED from src\main\AndroidManifest.xml:9:9-38
		INJECTED from src\main\AndroidManifest.xml
		INJECTED from src\main\AndroidManifest.xml
	android:minSdkVersion
		ADDED from src\main\AndroidManifest.xml:8:9-34
		INJECTED from src\main\AndroidManifest.xml
		INJECTED from src\main\AndroidManifest.xml
uses-permission#android.permission.VIBRATE
ADDED from src\main\AndroidManifest.xml:11:5-66
	android:name
		ADDED from src\main\AndroidManifest.xml:11:22-63
uses-permission#android.permission.INTERNET
ADDED from src\main\AndroidManifest.xml:12:5-67
	android:name
		ADDED from src\main\AndroidManifest.xml:12:22-64
uses-permission#android.permission.RECORD_AUDIO
ADDED from src\main\AndroidManifest.xml:13:5-71
	android:name
		ADDED from src\main\AndroidManifest.xml:13:22-68
uses-permission#android.permission.CAMERA
ADDED from src\main\AndroidManifest.xml:14:5-65
	android:name
		ADDED from src\main\AndroidManifest.xml:14:22-62
uses-permission#android.permission.ACCESS_NETWORK_STATE
ADDED from src\main\AndroidManifest.xml:15:5-79
	android:name
		ADDED from src\main\AndroidManifest.xml:15:22-76
uses-permission#android.permission.WRITE_EXTERNAL_STORAGE
ADDED from src\main\AndroidManifest.xml:16:5-81
	android:name
		ADDED from src\main\AndroidManifest.xml:16:22-78
uses-permission#android.permission.MOUNT_UNMOUNT_FILESYSTEMS
ADDED from src\main\AndroidManifest.xml:17:5-84
	android:name
		ADDED from src\main\AndroidManifest.xml:17:22-81
uses-permission#android.permission.ACCESS_FINE_LOCATION
ADDED from src\main\AndroidManifest.xml:18:5-79
	android:name
		ADDED from src\main\AndroidManifest.xml:18:22-76
uses-permission#android.permission.GET_TASKS
ADDED from src\main\AndroidManifest.xml:19:5-68
	android:name
		ADDED from src\main\AndroidManifest.xml:19:22-65
uses-permission#android.permission.ACCESS_WIFI_STATE
ADDED from src\main\AndroidManifest.xml:20:5-76
	android:name
		ADDED from src\main\AndroidManifest.xml:20:22-73
uses-permission#android.permission.CHANGE_WIFI_STATE
ADDED from src\main\AndroidManifest.xml:21:5-76
	android:name
		ADDED from src\main\AndroidManifest.xml:21:22-73
uses-permission#android.permission.WAKE_LOCK
ADDED from src\main\AndroidManifest.xml:22:5-68
	android:name
		ADDED from src\main\AndroidManifest.xml:22:22-65
uses-permission#android.permission.MODIFY_AUDIO_SETTINGS
ADDED from src\main\AndroidManifest.xml:23:5-80
	android:name
		ADDED from src\main\AndroidManifest.xml:23:22-77
uses-permission#android.permission.READ_PHONE_STATE
ADDED from src\main\AndroidManifest.xml:24:5-75
	android:name
		ADDED from src\main\AndroidManifest.xml:24:22-72
uses-permission#android.permission.RECEIVE_BOOT_COMPLETED
ADDED from src\main\AndroidManifest.xml:25:5-81
	android:name
		ADDED from src\main\AndroidManifest.xml:25:22-78
uses-permission#android.permission.GET_ACCOUNTS
ADDED from src\main\AndroidManifest.xml:26:5-71
	android:name
		ADDED from src\main\AndroidManifest.xml:26:22-68
uses-permission#android.permission.USE_CREDENTIALS
ADDED from src\main\AndroidManifest.xml:27:5-74
	android:name
		ADDED from src\main\AndroidManifest.xml:27:22-71
uses-permission#android.permission.MANAGE_ACCOUNTS
ADDED from src\main\AndroidManifest.xml:28:5-74
	android:name
		ADDED from src\main\AndroidManifest.xml:28:22-71
uses-permission#android.permission.AUTHENTICATE_ACCOUNTS
ADDED from src\main\AndroidManifest.xml:29:5-80
	android:name
		ADDED from src\main\AndroidManifest.xml:29:22-77
uses-permission#com.android.launcher.permission.READ_SETTINGS
ADDED from src\main\AndroidManifest.xml:30:5-85
	android:name
		ADDED from src\main\AndroidManifest.xml:30:22-82
uses-permission#android.permission.BROADCAST_STICKY
ADDED from src\main\AndroidManifest.xml:31:5-75
	android:name
		ADDED from src\main\AndroidManifest.xml:31:22-72
uses-permission#android.permission.WRITE_SETTINGS
ADDED from src\main\AndroidManifest.xml:32:5-73
	android:name
		ADDED from src\main\AndroidManifest.xml:32:22-70
uses-permission#com.google.android.c2dm.permission.RECEIVE
ADDED from src\main\AndroidManifest.xml:33:5-82
	android:name
		ADDED from src\main\AndroidManifest.xml:33:22-79
permission#com.easemob.chatuidemo.permission.C2D_MESSAGE
ADDED from src\main\AndroidManifest.xml:35:5-37:47
	android:protectionLevel
		ADDED from src\main\AndroidManifest.xml:37:9-44
	android:name
		ADDED from src\main\AndroidManifest.xml:36:9-69
uses-permission#com.easemob.chatuidemo.permission.C2D_MESSAGE
ADDED from src\main\AndroidManifest.xml:39:5-85
	android:name
		ADDED from src\main\AndroidManifest.xml:39:22-82
uses-permission#android.permission.READ_EXTERNAL_STORAGE
ADDED from src\main\AndroidManifest.xml:41:5-80
	android:name
		ADDED from src\main\AndroidManifest.xml:41:22-77
application
ADDED from src\main\AndroidManifest.xml:43:5-356:19
	android:label
		ADDED from src\main\AndroidManifest.xml:47:9-41
	android:allowBackup
		ADDED from src\main\AndroidManifest.xml:45:9-35
	android:icon
		ADDED from src\main\AndroidManifest.xml:46:9-43
	android:name
		ADDED from src\main\AndroidManifest.xml:44:9-40
activity#com.easemob.chatuidemo.ui.MainActivity
ADDED from src\main\AndroidManifest.xml:48:9-53:64
	android:screenOrientation
		ADDED from src\main\AndroidManifest.xml:51:13-49
	android:launchMode
		ADDED from src\main\AndroidManifest.xml:50:13-44
	android:windowSoftInputMode
		ADDED from src\main\AndroidManifest.xml:53:13-52
	android:theme
		ADDED from src\main\AndroidManifest.xml:52:13-52
	android:name
		ADDED from src\main\AndroidManifest.xml:49:13-44
activity#com.easemob.chatuidemo.ui.SplashActivity
ADDED from src\main\AndroidManifest.xml:56:9-65:20
	android:screenOrientation
		ADDED from src\main\AndroidManifest.xml:58:13-49
	android:theme
		ADDED from src\main\AndroidManifest.xml:59:13-52
	android:name
		ADDED from src\main\AndroidManifest.xml:57:13-46
intent-filter#android.intent.action.MAIN+android.intent.category.LAUNCHER
ADDED from src\main\AndroidManifest.xml:60:13-64:29
action#android.intent.action.MAIN
ADDED from src\main\AndroidManifest.xml:61:17-69
	android:name
		ADDED from src\main\AndroidManifest.xml:61:25-66
category#android.intent.category.LAUNCHER
ADDED from src\main\AndroidManifest.xml:63:17-77
	android:name
		ADDED from src\main\AndroidManifest.xml:63:27-74
activity#com.easemob.chatuidemo.ui.LoginActivity
ADDED from src\main\AndroidManifest.xml:68:9-72:80
	android:screenOrientation
		ADDED from src\main\AndroidManifest.xml:70:13-49
	android:windowSoftInputMode
		ADDED from src\main\AndroidManifest.xml:72:13-68
	android:theme
		ADDED from src\main\AndroidManifest.xml:71:13-52
	android:name
		ADDED from src\main\AndroidManifest.xml:69:13-45
activity#com.easemob.chatuidemo.ui.RegisterActivity
ADDED from src\main\AndroidManifest.xml:75:9-79:80
	android:screenOrientation
		ADDED from src\main\AndroidManifest.xml:77:13-49
	android:windowSoftInputMode
		ADDED from src\main\AndroidManifest.xml:79:13-68
	android:theme
		ADDED from src\main\AndroidManifest.xml:78:13-52
	android:name
		ADDED from src\main\AndroidManifest.xml:76:13-48
activity#com.easemob.chatuidemo.ui.ChatActivity
ADDED from src\main\AndroidManifest.xml:81:9-86:67
	android:screenOrientation
		ADDED from src\main\AndroidManifest.xml:84:13-49
	android:launchMode
		ADDED from src\main\AndroidManifest.xml:83:13-43
	android:windowSoftInputMode
		ADDED from src\main\AndroidManifest.xml:86:13-55
	android:theme
		ADDED from src\main\AndroidManifest.xml:85:13-52
	android:name
		ADDED from src\main\AndroidManifest.xml:82:13-44
activity#com.easemob.chatuidemo.ui.AddContactActivity
ADDED from src\main\AndroidManifest.xml:96:9-100:67
	android:screenOrientation
		ADDED from src\main\AndroidManifest.xml:98:13-49
	android:windowSoftInputMode
		ADDED from src\main\AndroidManifest.xml:100:13-55
	android:theme
		ADDED from src\main\AndroidManifest.xml:99:13-52
	android:name
		ADDED from src\main\AndroidManifest.xml:97:13-50
activity#com.easemob.chatuidemo.ui.GroupDetailsActivity
ADDED from src\main\AndroidManifest.xml:102:9-105:64
	android:screenOrientation
		ADDED from src\main\AndroidManifest.xml:104:13-49
	android:theme
		ADDED from src\main\AndroidManifest.xml:105:13-52
	android:name
		ADDED from src\main\AndroidManifest.xml:103:13-52
activity#com.easemob.chatuidemo.ui.GroupsActivity
ADDED from src\main\AndroidManifest.xml:107:9-111:64
	android:screenOrientation
		ADDED from src\main\AndroidManifest.xml:109:13-49
	android:windowSoftInputMode
		ADDED from src\main\AndroidManifest.xml:111:13-52
	android:theme
		ADDED from src\main\AndroidManifest.xml:110:13-52
	android:name
		ADDED from src\main\AndroidManifest.xml:108:13-46
activity#com.easemob.chatuidemo.ui.ChatRoomActivity
ADDED from src\main\AndroidManifest.xml:112:9-116:64
	android:screenOrientation
		ADDED from src\main\AndroidManifest.xml:114:13-49
	android:windowSoftInputMode
		ADDED from src\main\AndroidManifest.xml:116:13-52
	android:theme
		ADDED from src\main\AndroidManifest.xml:115:13-52
	android:name
		ADDED from src\main\AndroidManifest.xml:113:13-48
activity#com.easemob.chatuidemo.ui.ChatRoomDetailsActivity
ADDED from src\main\AndroidManifest.xml:118:9-121:64
	android:screenOrientation
		ADDED from src\main\AndroidManifest.xml:120:13-49
	android:theme
		ADDED from src\main\AndroidManifest.xml:121:13-52
	android:name
		ADDED from src\main\AndroidManifest.xml:119:13-55
activity#com.easemob.chatuidemo.ui.NewGroupActivity
ADDED from src\main\AndroidManifest.xml:124:9-128:64
	android:screenOrientation
		ADDED from src\main\AndroidManifest.xml:126:13-49
	android:windowSoftInputMode
		ADDED from src\main\AndroidManifest.xml:128:13-52
	android:theme
		ADDED from src\main\AndroidManifest.xml:127:13-52
	android:name
		ADDED from src\main\AndroidManifest.xml:125:13-48
activity#com.easemob.chatuidemo.ui.ExitGroupDialog
ADDED from src\main\AndroidManifest.xml:130:9-133:67
	android:screenOrientation
		ADDED from src\main\AndroidManifest.xml:132:13-49
	android:theme
		ADDED from src\main\AndroidManifest.xml:133:13-55
	android:name
		ADDED from src\main\AndroidManifest.xml:131:13-47
activity#com.easemob.chatuidemo.ui.GroupPickContactsActivity
ADDED from src\main\AndroidManifest.xml:135:9-139:64
	android:screenOrientation
		ADDED from src\main\AndroidManifest.xml:137:13-49
	android:windowSoftInputMode
		ADDED from src\main\AndroidManifest.xml:139:13-52
	android:theme
		ADDED from src\main\AndroidManifest.xml:138:13-52
	android:name
		ADDED from src\main\AndroidManifest.xml:136:13-57
activity#com.easemob.easeui.ui.EaseBaiduMapActivity
ADDED from src\main\AndroidManifest.xml:141:9-144:64
	android:screenOrientation
		ADDED from src\main\AndroidManifest.xml:143:13-49
	android:theme
		ADDED from src\main\AndroidManifest.xml:144:13-52
	android:name
		ADDED from src\main\AndroidManifest.xml:142:13-70
activity#com.easemob.chatuidemo.ui.NewFriendsMsgActivity
ADDED from src\main\AndroidManifest.xml:147:9-150:64
	android:screenOrientation
		ADDED from src\main\AndroidManifest.xml:149:13-49
	android:theme
		ADDED from src\main\AndroidManifest.xml:150:13-52
	android:name
		ADDED from src\main\AndroidManifest.xml:148:13-53
activity#com.easemob.chatuidemo.ui.ForwardMessageActivity
ADDED from src\main\AndroidManifest.xml:152:9-156:64
	android:screenOrientation
		ADDED from src\main\AndroidManifest.xml:154:13-49
	android:windowSoftInputMode
		ADDED from src\main\AndroidManifest.xml:156:13-52
	android:theme
		ADDED from src\main\AndroidManifest.xml:155:13-52
	android:name
		ADDED from src\main\AndroidManifest.xml:153:13-54
activity#com.easemob.chatuidemo.ui.ContextMenuActivity
ADDED from src\main\AndroidManifest.xml:158:9-161:61
	android:screenOrientation
		ADDED from src\main\AndroidManifest.xml:160:13-49
	android:theme
		ADDED from src\main\AndroidManifest.xml:161:13-49
	android:name
		ADDED from src\main\AndroidManifest.xml:159:13-51
activity#com.easemob.easeui.ui.EaseShowBigImageActivity
ADDED from src\main\AndroidManifest.xml:163:9-166:64
	android:screenOrientation
		ADDED from src\main\AndroidManifest.xml:165:13-49
	android:theme
		ADDED from src\main\AndroidManifest.xml:166:13-52
	android:name
		ADDED from src\main\AndroidManifest.xml:164:13-74
activity#com.easemob.easeui.ui.EaseShowNormalFileActivity
ADDED from src\main\AndroidManifest.xml:168:9-171:64
	android:screenOrientation
		ADDED from src\main\AndroidManifest.xml:170:13-49
	android:theme
		ADDED from src\main\AndroidManifest.xml:171:13-52
	android:name
		ADDED from src\main\AndroidManifest.xml:169:13-76
activity#com.easemob.chatuidemo.ui.BlacklistActivity
ADDED from src\main\AndroidManifest.xml:173:9-176:64
	android:screenOrientation
		ADDED from src\main\AndroidManifest.xml:175:13-49
	android:theme
		ADDED from src\main\AndroidManifest.xml:176:13-52
	android:name
		ADDED from src\main\AndroidManifest.xml:174:13-49
activity#com.easemob.chatuidemo.ui.PublicGroupsActivity
ADDED from src\main\AndroidManifest.xml:179:9-183:64
	android:screenOrientation
		ADDED from src\main\AndroidManifest.xml:181:13-49
	android:windowSoftInputMode
		ADDED from src\main\AndroidManifest.xml:183:13-52
	android:theme
		ADDED from src\main\AndroidManifest.xml:182:13-52
	android:name
		ADDED from src\main\AndroidManifest.xml:180:13-52
activity#com.easemob.chatuidemo.ui.PublicChatRoomsActivity
ADDED from src\main\AndroidManifest.xml:184:9-188:64
	android:screenOrientation
		ADDED from src\main\AndroidManifest.xml:186:13-49
	android:windowSoftInputMode
		ADDED from src\main\AndroidManifest.xml:188:13-52
	android:theme
		ADDED from src\main\AndroidManifest.xml:187:13-52
	android:name
		ADDED from src\main\AndroidManifest.xml:185:13-55
activity#com.easemob.chatuidemo.ui.VoiceCallActivity
ADDED from src\main\AndroidManifest.xml:191:9-195:60
	android:screenOrientation
		ADDED from src\main\AndroidManifest.xml:194:13-49
	android:launchMode
		ADDED from src\main\AndroidManifest.xml:193:13-44
	android:theme
		ADDED from src\main\AndroidManifest.xml:195:13-48
	android:name
		ADDED from src\main\AndroidManifest.xml:192:13-49
activity#com.easemob.chatuidemo.ui.VideoCallActivity
ADDED from src\main\AndroidManifest.xml:197:9-202:64
	android:screenOrientation
		ADDED from src\main\AndroidManifest.xml:201:13-49
	android:launchMode
		ADDED from src\main\AndroidManifest.xml:200:13-44
	android:configChanges
		ADDED from src\main\AndroidManifest.xml:199:13-74
	android:theme
		ADDED from src\main\AndroidManifest.xml:202:13-52
	android:name
		ADDED from src\main\AndroidManifest.xml:198:13-49
activity#com.easemob.chatuidemo.ui.GroupSimpleDetailActivity
ADDED from src\main\AndroidManifest.xml:204:9-207:64
	android:screenOrientation
		ADDED from src\main\AndroidManifest.xml:206:13-49
	android:theme
		ADDED from src\main\AndroidManifest.xml:207:13-52
	android:name
		ADDED from src\main\AndroidManifest.xml:205:13-57
activity#com.easemob.chatuidemo.ui.GroupBlacklistActivity
ADDED from src\main\AndroidManifest.xml:209:9-212:64
	android:screenOrientation
		ADDED from src\main\AndroidManifest.xml:211:13-49
	android:theme
		ADDED from src\main\AndroidManifest.xml:212:13-52
	android:name
		ADDED from src\main\AndroidManifest.xml:210:13-54
activity#com.easemob.chatuidemo.ui.PublicGroupsSeachActivity
ADDED from src\main\AndroidManifest.xml:213:9-216:64
	android:screenOrientation
		ADDED from src\main\AndroidManifest.xml:215:13-49
	android:theme
		ADDED from src\main\AndroidManifest.xml:216:13-52
	android:name
		ADDED from src\main\AndroidManifest.xml:214:13-57
activity#com.easemob.chatuidemo.ui.EditActivity
ADDED from src\main\AndroidManifest.xml:217:9-221:67
	android:screenOrientation
		ADDED from src\main\AndroidManifest.xml:219:13-49
	android:windowSoftInputMode
		ADDED from src\main\AndroidManifest.xml:221:13-55
	android:theme
		ADDED from src\main\AndroidManifest.xml:220:13-52
	android:name
		ADDED from src\main\AndroidManifest.xml:218:13-44
activity#com.easemob.easeui.ui.EaseShowVideoActivity
ADDED from src\main\AndroidManifest.xml:222:9-226:72
	android:screenOrientation
		ADDED from src\main\AndroidManifest.xml:224:13-49
	android:windowSoftInputMode
		ADDED from src\main\AndroidManifest.xml:226:13-60
	android:theme
		ADDED from src\main\AndroidManifest.xml:225:13-52
	android:name
		ADDED from src\main\AndroidManifest.xml:223:13-71
activity#com.easemob.chatuidemo.ui.ImageGridActivity
ADDED from src\main\AndroidManifest.xml:228:9-232:72
	android:screenOrientation
		ADDED from src\main\AndroidManifest.xml:230:13-49
	android:windowSoftInputMode
		ADDED from src\main\AndroidManifest.xml:232:13-60
	android:theme
		ADDED from src\main\AndroidManifest.xml:231:13-52
	android:name
		ADDED from src\main\AndroidManifest.xml:229:13-49
activity#com.easemob.chatuidemo.ui.RecorderVideoActivity
ADDED from src\main\AndroidManifest.xml:233:9-237:72
	android:screenOrientation
		ADDED from src\main\AndroidManifest.xml:235:13-49
	android:windowSoftInputMode
		ADDED from src\main\AndroidManifest.xml:237:13-60
	android:theme
		ADDED from src\main\AndroidManifest.xml:236:13-52
	android:name
		ADDED from src\main\AndroidManifest.xml:234:13-53
activity#com.easemob.chatuidemo.ui.DiagnoseActivity
ADDED from src\main\AndroidManifest.xml:239:9-243:72
	android:screenOrientation
		ADDED from src\main\AndroidManifest.xml:241:13-49
	android:windowSoftInputMode
		ADDED from src\main\AndroidManifest.xml:243:13-60
	android:theme
		ADDED from src\main\AndroidManifest.xml:242:13-52
	android:name
		ADDED from src\main\AndroidManifest.xml:240:13-48
activity#com.easemob.chatuidemo.ui.OfflinePushNickActivity
ADDED from src\main\AndroidManifest.xml:246:9-250:72
	android:screenOrientation
		ADDED from src\main\AndroidManifest.xml:248:13-49
	android:windowSoftInputMode
		ADDED from src\main\AndroidManifest.xml:250:13-60
	android:theme
		ADDED from src\main\AndroidManifest.xml:249:13-52
	android:name
		ADDED from src\main\AndroidManifest.xml:247:13-55
activity#com.easemob.chatuidemo.ui.RobotsActivity
ADDED from src\main\AndroidManifest.xml:252:9-256:63
	android:screenOrientation
		ADDED from src\main\AndroidManifest.xml:254:13-49
	android:windowSoftInputMode
		ADDED from src\main\AndroidManifest.xml:256:13-60
	android:theme
		ADDED from src\main\AndroidManifest.xml:255:13-52
	android:name
		ADDED from src\main\AndroidManifest.xml:253:13-46
activity#com.easemob.chatuidemo.ui.UserProfileActivity
ADDED from src\main\AndroidManifest.xml:258:9-261:55
	android:screenOrientation
		ADDED from src\main\AndroidManifest.xml:260:13-49
	android:theme
		ADDED from src\main\AndroidManifest.xml:261:13-52
	android:name
		ADDED from src\main\AndroidManifest.xml:259:13-51
receiver#com.easemob.chat.StartServiceReceiver
ADDED from src\main\AndroidManifest.xml:264:9-271:20
	android:name
		ADDED from src\main\AndroidManifest.xml:264:19-71
intent-filter#android.intent.action.BOOT_COMPLETED+android.intent.action.QUICKBOOT_POWERON+android.intent.category.LAUNCHER
ADDED from src\main\AndroidManifest.xml:265:13-270:29
	android:priority
		ADDED from src\main\AndroidManifest.xml:265:28-51
action#android.intent.action.BOOT_COMPLETED
ADDED from src\main\AndroidManifest.xml:266:17-79
	android:name
		ADDED from src\main\AndroidManifest.xml:266:25-76
action#android.intent.action.QUICKBOOT_POWERON
ADDED from src\main\AndroidManifest.xml:267:17-82
	android:name
		ADDED from src\main\AndroidManifest.xml:267:25-79
receiver#com.easemob.chat.EMGCMBroadcastReceiver
ADDED from src\main\AndroidManifest.xml:274:9-283:20
	android:exported
		ADDED from src\main\AndroidManifest.xml:276:13-36
	android:permission
		ADDED from src\main\AndroidManifest.xml:277:13-73
	android:name
		ADDED from src\main\AndroidManifest.xml:275:13-67
intent-filter#com.easemob.chatuidemo+com.google.android.c2dm.intent.RECEIVE
ADDED from src\main\AndroidManifest.xml:278:13-282:29
action#com.google.android.c2dm.intent.RECEIVE
ADDED from src\main\AndroidManifest.xml:279:17-81
	android:name
		ADDED from src\main\AndroidManifest.xml:279:25-78
category#com.easemob.chatuidemo
ADDED from src\main\AndroidManifest.xml:281:17-67
	android:name
		ADDED from src\main\AndroidManifest.xml:281:27-64
service#com.easemob.chat.EMGCMListenerService
ADDED from src\main\AndroidManifest.xml:285:9-287:48
	android:exported
		ADDED from src\main\AndroidManifest.xml:287:13-37
	android:name
		ADDED from src\main\AndroidManifest.xml:286:13-65
receiver#com.easemob.chatuidemo.receiver.GCMPushBroadCast
ADDED from src\main\AndroidManifest.xml:289:9-297:20
	android:exported
		ADDED from src\main\AndroidManifest.xml:291:13-37
	android:name
		ADDED from src\main\AndroidManifest.xml:290:13-54
intent-filter#com.easemob.chatuidemo+com.easemob.sdk.push
ADDED from src\main\AndroidManifest.xml:292:13-296:29
action#com.easemob.sdk.push
ADDED from src\main\AndroidManifest.xml:293:17-63
	android:name
		ADDED from src\main\AndroidManifest.xml:293:25-60
service#com.umeng.update.net.DownloadingService
ADDED from src\main\AndroidManifest.xml:299:9-301:61
	android:process
		ADDED from src\main\AndroidManifest.xml:301:13-50
	android:name
		ADDED from src\main\AndroidManifest.xml:300:13-67
activity#com.umeng.update.UpdateDialogActivity
ADDED from src\main\AndroidManifest.xml:303:9-305:84
	android:theme
		ADDED from src\main\AndroidManifest.xml:305:13-72
	android:name
		ADDED from src\main\AndroidManifest.xml:304:13-65
meta-data#EASEMOB_APPKEY
ADDED from src\main\AndroidManifest.xml:308:9-310:55
	android:value
		ADDED from src\main\AndroidManifest.xml:310:13-52
	android:name
		ADDED from src\main\AndroidManifest.xml:309:13-42
service#com.easemob.chat.EMChatService
ADDED from src\main\AndroidManifest.xml:312:9-314:39
	android:exported
		ADDED from src\main\AndroidManifest.xml:314:13-36
	android:name
		ADDED from src\main\AndroidManifest.xml:313:13-58
receiver#com.easemob.chat.EMMonitorReceiver
ADDED from src\main\AndroidManifest.xml:316:9-327:20
	android:name
		ADDED from src\main\AndroidManifest.xml:316:19-68
intent-filter#android.intent.action.PACKAGE_REMOVED
ADDED from src\main\AndroidManifest.xml:317:13-321:29
action#android.intent.action.PACKAGE_REMOVED
ADDED from src\main\AndroidManifest.xml:318:17-80
	android:name
		ADDED from src\main\AndroidManifest.xml:318:25-77
data
ADDED from src\main\AndroidManifest.xml:320:17-50
	android:scheme
		ADDED from src\main\AndroidManifest.xml:320:23-47
intent-filter#android.intent.action.BOOT_COMPLETED+android.intent.action.USER_PRESENT
ADDED from src\main\AndroidManifest.xml:323:13-326:29
action#android.intent.action.USER_PRESENT
ADDED from src\main\AndroidManifest.xml:325:17-77
	android:name
		ADDED from src\main\AndroidManifest.xml:325:25-74
service#com.baidu.location.f
ADDED from src\main\AndroidManifest.xml:330:9-333:41
	android:enabled
		ADDED from src\main\AndroidManifest.xml:332:13-35
	android:process
		ADDED from src\main\AndroidManifest.xml:333:13-38
	android:name
		ADDED from src\main\AndroidManifest.xml:331:13-48
meta-data#UMENG_APPKEY
ADDED from src\main\AndroidManifest.xml:335:9-337:66
	android:value
		ADDED from src\main\AndroidManifest.xml:337:13-53
	android:name
		ADDED from src\main\AndroidManifest.xml:336:13-40
meta-data#UMENG_CHANNEL
ADDED from src\main\AndroidManifest.xml:338:9-340:39
	android:value
		ADDED from src\main\AndroidManifest.xml:340:13-36
	android:name
		ADDED from src\main\AndroidManifest.xml:339:13-41
meta-data#com.baidu.lbsapi.API_KEY
ADDED from src\main\AndroidManifest.xml:341:9-343:64
	android:value
		ADDED from src\main\AndroidManifest.xml:343:13-61
	android:name
		ADDED from src\main\AndroidManifest.xml:342:13-52
activity#com.easemob.chatuidemo.dcActivity.DcMainActivity
ADDED from src\main\AndroidManifest.xml:344:9-354:20
	android:screenOrientation
		ADDED from src\main\AndroidManifest.xml:346:13-49
	android:windowSoftInputMode
		ADDED from src\main\AndroidManifest.xml:348:13-60
	android:theme
		ADDED from src\main\AndroidManifest.xml:347:13-52
	android:name
		ADDED from src\main\AndroidManifest.xml:345:13-54